<?xml version="1.0" encoding="UTF-8"?>
<testng-results ignored="0" total="0" passed="0" failed="0" skipped="0">
  <reporter-output>
  </reporter-output>
  <suite started-at="2020-11-15T13:15:04Z" name="tests.BaseTest" finished-at="2020-11-15T13:15:04Z" duration-ms="4">
    <groups>
    </groups>
    <test started-at="2020-11-15T13:15:04Z" name="Command line test" finished-at="2020-11-15T13:15:04Z" duration-ms="4">
    </test> <!-- Command line test -->
  </suite> <!-- tests.BaseTest -->
</testng-results>
